<?xml version="1.0" encoding="UTF-8"?>
<robot generator="Robot 5.0 (Python 3.10.4 on win32)" generated="20231208 21:48:33.576" rpa="false" schemaversion="3">
<suite id="s1" name="Test" source="C:\Users\denni\PycharmProjects\qahomework1\test.robot">
<test id="s1-t1" name="Calculator" line="11">
<kw name="Compute">
<kw name="Run Process" library="Process">
<var>${result}</var>
<arg>python</arg>
<arg>calculator.py</arg>
<doc>Runs a process and waits for it to complete.</doc>
<msg timestamp="20231208 21:48:33.751" level="INFO">Starting process:
python calculator.py</msg>
<msg timestamp="20231208 21:48:33.754" level="INFO">Waiting for process to complete.</msg>
<msg timestamp="20231208 21:48:33.789" level="INFO">Process completed.</msg>
<msg timestamp="20231208 21:48:33.789" level="INFO">${result} = &lt;result object with rc 0&gt;</msg>
<status status="PASS" starttime="20231208 21:48:33.751" endtime="20231208 21:48:33.789"/>
</kw>
<kw name="Log To Console" library="BuiltIn">
<arg>${result}</arg>
<doc>Logs the given message to the console.</doc>
<status status="PASS" starttime="20231208 21:48:33.789" endtime="20231208 21:48:33.789"/>
</kw>
<status status="PASS" starttime="20231208 21:48:33.751" endtime="20231208 21:48:33.789"/>
</kw>
<status status="PASS" starttime="20231208 21:48:33.750" endtime="20231208 21:48:33.790"/>
</test>
<status status="PASS" starttime="20231208 21:48:33.578" endtime="20231208 21:48:33.791"/>
</suite>
<statistics>
<total>
<stat pass="1" fail="0" skip="0">All Tests</stat>
</total>
<tag>
</tag>
<suite>
<stat pass="1" fail="0" skip="0" id="s1" name="Test">Test</stat>
</suite>
</statistics>
<errors>
</errors>
</robot>
